                            03/12/2025 at 10h11m57s                             


 ------------------------------------------------------------------------------
|   Another GFF Analysis Toolkit (AGAT) - Version: v1.4.0                      |
|   https://github.com/NBISweden/AGAT                                          |
|   National Bioinformatics Infrastructure Sweden (NBIS) - www.nbis.se         |
 ------------------------------------------------------------------------------
                                        
                                       
                          ------ Start parsing ------                           
-------------------------- parse options and metadata --------------------------
=> Accessing the feature_levels YAML file
Using standard /Users/kenji/Desktop/re-analyse_stefan_synteny/snake-GENESPACE/.snakemake/conda/ecd4f25c46a73198553800960aadbeb9_/lib/perl5/site_perl/auto/share/dist/AGAT/feature_levels.yaml file
=> Attribute used to group features when no Parent/ID relationship exists (i.e common tag):
	* locus_tag
	* gene_id
=> merge_loci option deactivated
=> Machine information:
	This script is being run by perl v5.32.1
	Bioperl location being used: /Users/kenji/Desktop/re-analyse_stefan_synteny/snake-GENESPACE/.snakemake/conda/ecd4f25c46a73198553800960aadbeb9_/lib/perl5/site_perl/Bio/
	Operating system being used: darwin 
=> Accessing Ontology
	No ontology accessible from the gff file header!
	We use the SOFA ontology distributed with AGAT:
		/Users/kenji/Desktop/re-analyse_stefan_synteny/snake-GENESPACE/.snakemake/conda/ecd4f25c46a73198553800960aadbeb9_/lib/perl5/site_perl/auto/share/dist/AGAT/so.obo
	Read ontology /Users/kenji/Desktop/re-analyse_stefan_synteny/snake-GENESPACE/.snakemake/conda/ecd4f25c46a73198553800960aadbeb9_/lib/perl5/site_perl/auto/share/dist/AGAT/so.obo:
		4 root terms, and 2596 total terms, and 1516 leaf terms
	Filtering ontology:
The feature type (3rd column) is constrained to be either a term from the Sequence Ontology or an SO accession number. The latter alternative is distinguished using the syntax SO:000000. In either case, it must be sequence_feature (SO:0000110) or an is_a child of it.
We filter the ontology to apply this rule.		We found 1861 terms that are sequence_feature or is_a child of it.
--------------------------------- parsing file ---------------------------------
=> Number of line in file: 414036
=> Number of comment lines: 1
=> Fasta included: No
=> Number of features lines: 414035
=> Number of feature type (3rd column): 6
	* Level1: 1 => gene
	* level2: 1 => mRNA
	* level3: 4 => exon five_prime_UTR three_prime_UTR CDS
	* unknown: 0 => 
=> Version of the Bioperl GFF parser selected by AGAT: 3

                  ------ End parsing (done in 37 second) ------                 


                           ------ Start checks ------                           
---------------------------- Check1: feature types -----------------------------
----------------------------------- ontology -----------------------------------
All feature types in agreement with the Ontology.
------------------------------------- agat -------------------------------------
AGAT can deal with all the encountered feature types (3rd column)
------------------------------ done in 0 seconds -------------------------------

------------------------------ Check2: duplicates ------------------------------
None found
------------------------------ done in 0 seconds -------------------------------

-------------------------- Check3: sequential bucket ---------------------------
Nothing to check as sequential bucket!
------------------------------ done in 0 seconds -------------------------------

--------------------------- Check4: l2 linked to l3 ----------------------------
No problem found
------------------------------ done in 0 seconds -------------------------------

--------------------------- Check5: l1 linked to l2 ----------------------------
No problem found
------------------------------ done in 0 seconds -------------------------------

--------------------------- Check6: remove orphan l1 ---------------------------
We remove only those not supposed to be orphan
None found
------------------------------ done in 0 seconds -------------------------------

------------------------- Check7: all level3 locations -------------------------
------------------------------ done in 5 seconds -------------------------------

------------------------------ Check8: check cds -------------------------------
No problem found
------------------------------ done in 0 seconds -------------------------------

----------------------------- Check9: check exons ------------------------------
Create one Exon for agat-mrna-1
:scaffold_7	AGAT	exon	9319959	9319781	.	+	.	ID "agat-exon-151308"  ; Parent "agat-mrna-1" 
Create one Exon for agat-mrna-1
:scaffold_7	AGAT	exon	9319959	9319781	.	+	.	ID "agat-exon-151309"  ; Parent "agat-mrna-1" 
Create one Exon for agat-mrna-1
:scaffold_7	AGAT	exon	9321129	9321063	.	+	.	ID "agat-exon-151310"  ; Parent "agat-mrna-1" 
Create one Exon for agat-mrna-1
:scaffold_7	AGAT	exon	9321129	9321070	.	+	.	ID "agat-exon-151311"  ; Parent "agat-mrna-1" 
Create one Exon for al1g61840.t1.v2.1
:scaffold_1	AGAT	exon	27189791	27181395	.	+	.	ID "agat-exon-151312"  ; Parent "AL1G61840.t1.v2.1"  ; extra_copy_number 0 ; pacid 35931234
Create one Exon for al1g61840.t1.v2.1
:scaffold_1	AGAT	exon	27189791	27181457	.	+	.	ID "agat-exon-151313"  ; Parent "AL1G61840.t1.v2.1"  ; extra_copy_number 0 ; pacid 35931234
Create one Exon for al2g21970.t1.v2.1
:scaffold_2	AGAT	exon	11069957	11060635	.	-	.	ID "agat-exon-151314"  ; Parent "AL2G21970.t1.v2.1"  ; extra_copy_number 0 ; pacid 35946845
Create one Exon for al2g21970.t1.v2.1
:scaffold_2	AGAT	exon	11069957	11061547	.	-	.	ID "agat-exon-151315"  ; Parent "AL2G21970.t1.v2.1"  ; extra_copy_number 0 ; pacid 35946845
Create one Exon for al3g13250.t1.v2.1
:scaffold_3	AGAT	exon	1010753	1010397	.	-	.	ID "agat-exon-151316"  ; Parent "AL3G13250.t1.v2.1"  ; extra_copy_number 0 ; pacid 35942846
Create one Exon for al3g13250.t1.v2.1
:scaffold_3	AGAT	exon	1010753	1010649	.	-	.	ID "agat-exon-151317"  ; Parent "AL3G13250.t1.v2.1"  ; extra_copy_number 0 ; pacid 35942846
Create one Exon for al3g29850.t1.v2.1
:scaffold_3	AGAT	exon	7308882	7308725	.	+	.	ID "agat-exon-151318"  ; Parent "AL3G29850.t1.v2.1"  ; extra_copy_number 0 ; pacid 35941149
Create one Exon for al3g29970.t1.v2.1
:scaffold_3	AGAT	exon	7359953	7350081	.	-	.	ID "agat-exon-151319"  ; Parent "AL3G29970.t1.v2.1"  ; extra_copy_number 0 ; pacid 35941174
Create one Exon for al3g29970.t1.v2.1
:scaffold_3	AGAT	exon	7359953	7350118	.	-	.	ID "agat-exon-151320"  ; Parent "AL3G29970.t1.v2.1"  ; extra_copy_number 0 ; pacid 35941174
13 exons created that were missing
No exons locations modified
No supernumerary exons removed
No level2 locations modified
------------------------------ done in 3 seconds -------------------------------

----------------------------- Check10: check utrs ------------------------------
Create one UTR for agat-mrna-1
:scaffold_7	AGAT	three_prime_UTR	9321129	9321063	.	+	.	ID "agat-three_prime_utr-4"  ; Parent "agat-mrna-1" 
Create one UTR for al1g61840.t1.v2.1
:scaffold_1	AGAT	five_prime_UTR	27189791	27181395	.	+	.	ID "agat-five_prime_utr-8"  ; Parent "AL1G61840.t1.v2.1"  ; extra_copy_number 0 ; pacid 35931234
Create one UTR for al2g21970.t1.v2.1
:scaffold_2	AGAT	three_prime_UTR	11069957	11060635	.	-	.	ID "agat-three_prime_utr-5"  ; Parent "AL2G21970.t1.v2.1"  ; extra_copy_number 0 ; pacid 35946845
Create one UTR for al3g13250.t1.v2.1
:scaffold_3	AGAT	five_prime_UTR	1010753	1010397	.	-	.	ID "agat-five_prime_utr-9"  ; Parent "AL3G13250.t1.v2.1"  ; extra_copy_number 0 ; pacid 35942846
Create one UTR for al3g29850.t1.v2.1
:scaffold_3	AGAT	five_prime_UTR	7308882	7308725	.	+	.	ID "agat-five_prime_utr-10"  ; Parent "AL3G29850.t1.v2.1"  ; extra_copy_number 0 ; pacid 35941149
Create one UTR for al3g29970.t1.v2.1
:scaffold_3	AGAT	five_prime_UTR	7359953	7350081	.	-	.	ID "agat-five_prime_utr-11"  ; Parent "AL3G29970.t1.v2.1"  ; extra_copy_number 0 ; pacid 35941174
6 UTRs created that were missing
No UTRs locations modified
No supernumerary UTRs removed
------------------------------ done in 2 seconds -------------------------------

------------------------ Check11: all level2 locations -------------------------
No problem found
------------------------------ done in 3 seconds -------------------------------

------------------------ Check12: all level1 locations -------------------------
No problem found
------------------------------ done in 0 seconds -------------------------------

---------------------- Check13: remove identical isoforms ----------------------
None found
------------------------------ done in 0 seconds -------------------------------
                  ------ End checks (done in 13 second) ------                  


