                            03/12/2025 at 10h05m45s                             


 ------------------------------------------------------------------------------
|   Another GFF Analysis Toolkit (AGAT) - Version: v1.4.0                      |
|   https://github.com/NBISweden/AGAT                                          |
|   National Bioinformatics Infrastructure Sweden (NBIS) - www.nbis.se         |
 ------------------------------------------------------------------------------
                                        
                                       
                          ------ Start parsing ------                           
-------------------------- parse options and metadata --------------------------
=> Accessing the feature_levels YAML file
Using standard /Users/kenji/Desktop/re-analyse_stefan_synteny/snake-GENESPACE/.snakemake/conda/ecd4f25c46a73198553800960aadbeb9_/lib/perl5/site_perl/auto/share/dist/AGAT/feature_levels.yaml file
=> Attribute used to group features when no Parent/ID relationship exists (i.e common tag):
	* locus_tag
	* gene_id
=> merge_loci option deactivated
=> Machine information:
	This script is being run by perl v5.32.1
	Bioperl location being used: /Users/kenji/Desktop/re-analyse_stefan_synteny/snake-GENESPACE/.snakemake/conda/ecd4f25c46a73198553800960aadbeb9_/lib/perl5/site_perl/Bio/
	Operating system being used: darwin 
=> Accessing Ontology
	No ontology accessible from the gff file header!
	We use the SOFA ontology distributed with AGAT:
		/Users/kenji/Desktop/re-analyse_stefan_synteny/snake-GENESPACE/.snakemake/conda/ecd4f25c46a73198553800960aadbeb9_/lib/perl5/site_perl/auto/share/dist/AGAT/so.obo
	Read ontology /Users/kenji/Desktop/re-analyse_stefan_synteny/snake-GENESPACE/.snakemake/conda/ecd4f25c46a73198553800960aadbeb9_/lib/perl5/site_perl/auto/share/dist/AGAT/so.obo:
		4 root terms, and 2596 total terms, and 1516 leaf terms
	Filtering ontology:
The feature type (3rd column) is constrained to be either a term from the Sequence Ontology or an SO accession number. The latter alternative is distinguished using the syntax SO:000000. In either case, it must be sequence_feature (SO:0000110) or an is_a child of it.
We filter the ontology to apply this rule.		We found 1861 terms that are sequence_feature or is_a child of it.
--------------------------------- parsing file ---------------------------------
=> Number of line in file: 699496
=> Number of comment lines: 0
=> Fasta included: No
=> Number of features lines: 699496
=> Number of feature type (3rd column): 6
	* Level1: 1 => gene
	* level2: 1 => mRNA
	* level3: 4 => five_prime_UTR exon CDS three_prime_UTR
	* unknown: 0 => 
=> Version of the Bioperl GFF parser selected by AGAT: 3

                  ------ End parsing (done in 70 second) ------                 


                           ------ Start checks ------                           
---------------------------- Check1: feature types -----------------------------
----------------------------------- ontology -----------------------------------
All feature types in agreement with the Ontology.
------------------------------------- agat -------------------------------------
AGAT can deal with all the encountered feature types (3rd column)
------------------------------ done in 0 seconds -------------------------------

------------------------------ Check2: duplicates ------------------------------
None found
------------------------------ done in 0 seconds -------------------------------

-------------------------- Check3: sequential bucket ---------------------------
Nothing to check as sequential bucket!
------------------------------ done in 0 seconds -------------------------------

--------------------------- Check4: l2 linked to l3 ----------------------------
No problem found
------------------------------ done in 1 seconds -------------------------------

--------------------------- Check5: l1 linked to l2 ----------------------------
No problem found
------------------------------ done in 0 seconds -------------------------------

--------------------------- Check6: remove orphan l1 ---------------------------
We remove only those not supposed to be orphan
None found
------------------------------ done in 0 seconds -------------------------------

------------------------- Check7: all level3 locations -------------------------
------------------------------ done in 16 seconds ------------------------------

------------------------------ Check8: check cds -------------------------------
No problem found
------------------------------ done in 0 seconds -------------------------------

----------------------------- Check9: check exons ------------------------------
No exons created
No exons locations modified
No supernumerary exons removed
No level2 locations modified
------------------------------ done in 9 seconds -------------------------------

----------------------------- Check10: check utrs ------------------------------
Create one UTR for augustus_masked-atg000024l-processed-gene-0.10-mrna-1
:atg000024l	AGAT	five_prime_UTR	83745	83746	.	+	.	ID "agat-five_prime_utr-1"  ; Parent "augustus_masked-atg000024l-processed-gene-0.10-mRNA-1" 
Create one UTR for augustus_masked-atg000039l-processed-gene-0.0-mrna-1
:atg000039l	AGAT	five_prime_UTR	19231	19231	.	+	.	ID "agat-five_prime_utr-2"  ; Parent "augustus_masked-atg000039l-processed-gene-0.0-mRNA-1" 
Create one UTR for augustus_masked-chr1-processed-gene-123.5-mrna-1
:chr1	AGAT	five_prime_UTR	12302229	12302230	.	+	.	ID "agat-five_prime_utr-3"  ; Parent "augustus_masked-chr1-processed-gene-123.5-mRNA-1" 
Create one UTR for augustus_masked-chr1-processed-gene-145.20-mrna-1
:chr1	AGAT	five_prime_UTR	14508984	14508984	.	+	.	ID "agat-five_prime_utr-4"  ; Parent "augustus_masked-chr1-processed-gene-145.20-mRNA-1" 
Create one UTR for augustus_masked-chr1-processed-gene-377.58-mrna-1
:chr1	AGAT	five_prime_UTR	37828909	37828910	.	-	.	ID "agat-five_prime_utr-5"  ; Parent "augustus_masked-chr1-processed-gene-377.58-mRNA-1" 
Create one UTR for augustus_masked-chr1-processed-gene-41.15-mrna-1.1.649e55b4
:chr1	AGAT	three_prime_UTR	4179267	4179268	.	+	.	ID "agat-three_prime_utr-1"  ; Parent "augustus_masked-chr1-processed-gene-41.15-mRNA-1.1.649e55b4" 
Create one UTR for augustus_masked-chr1-processed-gene-53.11-mrna-1
:chr1	AGAT	three_prime_UTR	5290700	5290701	.	+	.	ID "agat-three_prime_utr-2"  ; Parent "augustus_masked-chr1-processed-gene-53.11-mRNA-1" 
Create one UTR for augustus_masked-chr3-processed-gene-10.48-mrna-1
:chr3	AGAT	five_prime_UTR	1077730	1077730	.	-	.	ID "agat-five_prime_utr-6"  ; Parent "augustus_masked-chr3-processed-gene-10.48-mRNA-1" 
Create one UTR for augustus_masked-chr3-processed-gene-147.11-mrna-1
:chr3	AGAT	three_prime_UTR	14787310	14787311	.	+	.	ID "agat-three_prime_utr-3"  ; Parent "augustus_masked-chr3-processed-gene-147.11-mRNA-1" 
Create one UTR for augustus_masked-chr3-processed-gene-43.26-mrna-1.1.649e55b1
:chr3	AGAT	three_prime_UTR	4319802	4319802	.	-	.	ID "agat-three_prime_utr-4"  ; Parent "augustus_masked-chr3-processed-gene-43.26-mRNA-1.1.649e55b1" 
Create one UTR for augustus_masked-chr3-processed-gene-85.7-mrna-1
:chr3	AGAT	three_prime_UTR	8522499	8522500	.	+	.	ID "agat-three_prime_utr-5"  ; Parent "augustus_masked-chr3-processed-gene-85.7-mRNA-1" 
Create one UTR for augustus_masked-chr4-processed-gene-262.39-mrna-1
:chr4	AGAT	three_prime_UTR	26252894	26252894	.	-	.	ID "agat-three_prime_utr-6"  ; Parent "augustus_masked-chr4-processed-gene-262.39-mRNA-1" 
Create one UTR for augustus_masked-chr5-processed-gene-177.19-mrna-1
:chr5	AGAT	five_prime_UTR	17740330	17740331	.	-	.	ID "agat-five_prime_utr-7"  ; Parent "augustus_masked-chr5-processed-gene-177.19-mRNA-1" 
Create one UTR for augustus_masked-chr5-processed-gene-237.34-mrna-1
:chr5	AGAT	five_prime_UTR	23704560	23704561	.	-	.	ID "agat-five_prime_utr-8"  ; Parent "augustus_masked-chr5-processed-gene-237.34-mRNA-1" 
Create one UTR for augustus_masked-chr6-processed-gene-171.0-mrna-1
:chr6	AGAT	three_prime_UTR	17061789	17061790	.	+	.	ID "agat-three_prime_utr-7"  ; Parent "augustus_masked-chr6-processed-gene-171.0-mRNA-1" 
Create one UTR for augustus_masked-chr7-processed-gene-270.2-mrna-1
:chr7	AGAT	five_prime_UTR	27005295	27005295	.	+	.	ID "agat-five_prime_utr-9"  ; Parent "augustus_masked-chr7-processed-gene-270.2-mRNA-1" 
Create one UTR for augustus_masked-chr7-processed-gene-44.29-mrna-1
:chr7	AGAT	three_prime_UTR	4413922	4413923	.	+	.	ID "agat-three_prime_utr-8"  ; Parent "augustus_masked-chr7-processed-gene-44.29-mRNA-1" 
Create one UTR for augustus_masked-chr8-processed-gene-227.9-mrna-1
:chr8	AGAT	five_prime_UTR	22730275	22730275	.	+	.	ID "agat-five_prime_utr-10"  ; Parent "augustus_masked-chr8-processed-gene-227.9-mRNA-1" 
Create one UTR for augustus_masked-chr8-processed-gene-232.24-mrna-1.3.649e55b8
:chr8	AGAT	five_prime_UTR	23252812	23252812	.	-	.	ID "agat-five_prime_utr-11"  ; Parent "augustus_masked-chr8-processed-gene-232.24-mRNA-1.3.649e55b8" 
Create one UTR for augustus_masked-chr8-processed-gene-261.16-mrna-1
:chr8	AGAT	three_prime_UTR	26157008	26157008	.	-	.	ID "agat-three_prime_utr-9"  ; Parent "augustus_masked-chr8-processed-gene-261.16-mRNA-1" 
Create one UTR for augustus_masked-mt_contig_4-processed-gene-0.0-mrna-1
:mt_contig_4	AGAT	five_prime_UTR	160	160	.	+	.	ID "agat-five_prime_utr-12"  ; Parent "augustus_masked-mt_contig_4-processed-gene-0.0-mRNA-1" 
Create one UTR for maker-atg000003l-augustus-gene-0.26-mrna-1
:atg000003l	AGAT	five_prime_UTR	66635	66635	.	+	.	ID "agat-five_prime_utr-13"  ; Parent "maker-atg000003l-augustus-gene-0.26-mRNA-1" 
Create one UTR for maker-atg000006l-augustus-gene-1.27-mrna-1
:atg000006l	AGAT	five_prime_UTR	86994	86994	.	+	.	ID "agat-five_prime_utr-14"  ; Parent "maker-atg000006l-augustus-gene-1.27-mRNA-1" 
Create one UTR for maker-atg000022l-augustus-gene-1.5-mrna-1
:atg000022l	AGAT	five_prime_UTR	137562	137562	.	+	.	ID "agat-five_prime_utr-15"  ; Parent "maker-atg000022l-augustus-gene-1.5-mRNA-1" 
Create one UTR for maker-atg000049l-augustus-gene-0.16-mrna-1
:atg000049l	AGAT	five_prime_UTR	8721	8721	.	+	.	ID "agat-five_prime_utr-16"  ; Parent "maker-atg000049l-augustus-gene-0.16-mRNA-1" 
Create one UTR for maker-atg000096l-augustus-gene-0.7-mrna-1
:atg000096l	AGAT	five_prime_UTR	2753	2753	.	+	.	ID "agat-five_prime_utr-17"  ; Parent "maker-atg000096l-augustus-gene-0.7-mRNA-1" 
Create one UTR for maker-atg000111l-augustus-gene-0.11-mrna-1
:atg000111l	AGAT	five_prime_UTR	14078	14078	.	+	.	ID "agat-five_prime_utr-18"  ; Parent "maker-atg000111l-augustus-gene-0.11-mRNA-1" 
Create one UTR for maker-atg000154l-augustus-gene-0.12-mrna-1
:atg000154l	AGAT	five_prime_UTR	37291	37291	.	+	.	ID "agat-five_prime_utr-19"  ; Parent "maker-atg000154l-augustus-gene-0.12-mRNA-1" 
Create one UTR for maker-atg000154l-augustus-gene-0.12-mrna-1.5.649e55ac
:atg000154l	AGAT	five_prime_UTR	37291	37291	.	+	.	ID "agat-five_prime_utr-20"  ; Parent "maker-atg000154l-augustus-gene-0.12-mRNA-1.5.649e55ac" 
Create one UTR for maker-atg000154l-augustus-gene-0.12-mrna-1.9.649e55ac
:atg000154l	AGAT	five_prime_UTR	37291	37291	.	+	.	ID "agat-five_prime_utr-21"  ; Parent "maker-atg000154l-augustus-gene-0.12-mRNA-1.9.649e55ac" 
Create one UTR for maker-atg000192l-augustus-gene-0.12-mrna-1
:atg000192l	AGAT	five_prime_UTR	8238	8239	.	+	.	ID "agat-five_prime_utr-22"  ; Parent "maker-atg000192l-augustus-gene-0.12-mRNA-1" 
Create one UTR for maker-chr1-augustus-gene-103.9-mrna-1
:chr1	AGAT	five_prime_UTR	10354984	10354984	.	+	.	ID "agat-five_prime_utr-23"  ; Parent "maker-chr1-augustus-gene-103.9-mRNA-1" 
Create one UTR for maker-chr1-augustus-gene-123.44-mrna-1.3.649e55bb
:chr1	AGAT	five_prime_UTR	12368887	12368888	.	-	.	ID "agat-five_prime_utr-24"  ; Parent "maker-chr1-augustus-gene-123.44-mRNA-1.3.649e55bb" 
Create one UTR for maker-chr1-augustus-gene-135.1-mrna-1
:chr1	AGAT	five_prime_UTR	13514908	13514908	.	+	.	ID "agat-five_prime_utr-25"  ; Parent "maker-chr1-augustus-gene-135.1-mRNA-1" 
Create one UTR for maker-chr1-augustus-gene-200.0-mrna-1
:chr1	AGAT	three_prime_UTR	20015722	20015723	.	+	.	ID "agat-three_prime_utr-10"  ; Parent "maker-chr1-augustus-gene-200.0-mRNA-1" 
Create one UTR for maker-chr1-augustus-gene-245.0-mrna-1
:chr1	AGAT	five_prime_UTR	24495873	24495874	.	+	.	ID "agat-five_prime_utr-26"  ; Parent "maker-chr1-augustus-gene-245.0-mRNA-1" 
Create one UTR for maker-chr1-augustus-gene-260.16-mrna-1
:chr1	AGAT	five_prime_UTR	26050326	26050326	.	+	.	ID "agat-five_prime_utr-27"  ; Parent "maker-chr1-augustus-gene-260.16-mRNA-1" 
Create one UTR for maker-chr1-augustus-gene-264.4-mrna-1
:chr1	AGAT	five_prime_UTR	26426079	26426079	.	+	.	ID "agat-five_prime_utr-28"  ; Parent "maker-chr1-augustus-gene-264.4-mRNA-1" 
Create one UTR for maker-chr1-augustus-gene-299.0-mrna-1
:chr1	AGAT	five_prime_UTR	29896512	29896512	.	+	.	ID "agat-five_prime_utr-29"  ; Parent "maker-chr1-augustus-gene-299.0-mRNA-1" 
Create one UTR for maker-chr1-augustus-gene-307.48-mrna-1
:chr1	AGAT	five_prime_UTR	30785990	30785991	.	-	.	ID "agat-five_prime_utr-30"  ; Parent "maker-chr1-augustus-gene-307.48-mRNA-1" 
Create one UTR for maker-chr1-augustus-gene-31.10-mrna-1
:chr1	AGAT	five_prime_UTR	3170961	3170961	.	-	.	ID "agat-five_prime_utr-31"  ; Parent "maker-chr1-augustus-gene-31.10-mRNA-1" 
Create one UTR for maker-chr1-augustus-gene-310.17-mrna-1
:chr1	AGAT	five_prime_UTR	30989717	30989717	.	+	.	ID "agat-five_prime_utr-32"  ; Parent "maker-chr1-augustus-gene-310.17-mRNA-1" 
Create one UTR for maker-chr1-augustus-gene-317.20-mrna-1
:chr1	AGAT	five_prime_UTR	31770368	31770368	.	+	.	ID "agat-five_prime_utr-33"  ; Parent "maker-chr1-augustus-gene-317.20-mRNA-1" 
Create one UTR for maker-chr1-augustus-gene-353.2-mrna-1
:chr1	AGAT	five_prime_UTR	35352648	35352649	.	+	.	ID "agat-five_prime_utr-34"  ; Parent "maker-chr1-augustus-gene-353.2-mRNA-1" 
Create one UTR for maker-chr1-augustus-gene-67.6-mrna-1
:chr1	AGAT	five_prime_UTR	6765987	6765987	.	+	.	ID "agat-five_prime_utr-35"  ; Parent "maker-chr1-augustus-gene-67.6-mRNA-1" 
Create one UTR for maker-chr1-augustus-gene-8.34-mrna-1
:chr1	AGAT	five_prime_UTR	818254	818254	.	+	.	ID "agat-five_prime_utr-36"  ; Parent "maker-chr1-augustus-gene-8.34-mRNA-1" 
Create one UTR for maker-chr1-augustus-gene-80.4-mrna-1
:chr1	AGAT	five_prime_UTR	8034869	8034869	.	+	.	ID "agat-five_prime_utr-37"  ; Parent "maker-chr1-augustus-gene-80.4-mRNA-1" 
Create one UTR for maker-chr1-augustus-gene-80.4-mrna-1.1.649e55b8
:chr1	AGAT	five_prime_UTR	8034869	8034869	.	+	.	ID "agat-five_prime_utr-38"  ; Parent "maker-chr1-augustus-gene-80.4-mRNA-1.1.649e55b8" 
Create one UTR for maker-chr2-augustus-gene-10.21-mrna-1
:chr2	AGAT	three_prime_UTR	1060332	1060332	.	-	.	ID "agat-three_prime_utr-11"  ; Parent "maker-chr2-augustus-gene-10.21-mRNA-1" 
Create one UTR for maker-chr2-augustus-gene-103.1-mrna-1.1.649e55b0
:chr2	AGAT	five_prime_UTR	10338340	10338341	.	+	.	ID "agat-five_prime_utr-39"  ; Parent "maker-chr2-augustus-gene-103.1-mRNA-1.1.649e55b0" 
Create one UTR for maker-chr2-augustus-gene-103.1-mrna-1.4.649e55b0
:chr2	AGAT	five_prime_UTR	10338340	10338341	.	+	.	ID "agat-five_prime_utr-40"  ; Parent "maker-chr2-augustus-gene-103.1-mRNA-1.4.649e55b0" 
Create one UTR for maker-chr2-augustus-gene-103.1-mrna-1.6.649e55b0
:chr2	AGAT	five_prime_UTR	10338340	10338341	.	+	.	ID "agat-five_prime_utr-41"  ; Parent "maker-chr2-augustus-gene-103.1-mRNA-1.6.649e55b0" 
Create one UTR for maker-chr2-augustus-gene-131.24-mrna-1
:chr2	AGAT	five_prime_UTR	13143340	13143341	.	+	.	ID "agat-five_prime_utr-42"  ; Parent "maker-chr2-augustus-gene-131.24-mRNA-1" 
Create one UTR for maker-chr2-augustus-gene-131.24-mrna-1.1.649e55b2
:chr2	AGAT	five_prime_UTR	13143340	13143341	.	+	.	ID "agat-five_prime_utr-43"  ; Parent "maker-chr2-augustus-gene-131.24-mRNA-1.1.649e55b2" 
Create one UTR for maker-chr2-augustus-gene-131.24-mrna-1.2.649e55b2
:chr2	AGAT	five_prime_UTR	13143340	13143341	.	+	.	ID "agat-five_prime_utr-44"  ; Parent "maker-chr2-augustus-gene-131.24-mRNA-1.2.649e55b2" 
Create one UTR for maker-chr2-augustus-gene-145.9-mrna-1
:chr2	AGAT	five_prime_UTR	14487218	14487218	.	-	.	ID "agat-five_prime_utr-45"  ; Parent "maker-chr2-augustus-gene-145.9-mRNA-1" 
Create one UTR for maker-chr2-augustus-gene-156.27-mrna-1
:chr2	AGAT	five_prime_UTR	15652465	15652466	.	+	.	ID "agat-five_prime_utr-46"  ; Parent "maker-chr2-augustus-gene-156.27-mRNA-1" 
Create one UTR for maker-chr2-augustus-gene-157.7-mrna-1
:chr2	AGAT	five_prime_UTR	15756702	15756702	.	+	.	ID "agat-five_prime_utr-47"  ; Parent "maker-chr2-augustus-gene-157.7-mRNA-1" 
Create one UTR for maker-chr2-augustus-gene-159.9-mrna-1
:chr2	AGAT	three_prime_UTR	15933625	15933625	.	-	.	ID "agat-three_prime_utr-12"  ; Parent "maker-chr2-augustus-gene-159.9-mRNA-1" 
Create one UTR for maker-chr2-augustus-gene-192.64-mrna-1
:chr2	AGAT	five_prime_UTR	19267040	19267040	.	-	.	ID "agat-five_prime_utr-48"  ; Parent "maker-chr2-augustus-gene-192.64-mRNA-1" 
Create one UTR for maker-chr2-augustus-gene-94.2-mrna-1
:chr2	AGAT	five_prime_UTR	9470029	9470029	.	+	.	ID "agat-five_prime_utr-49"  ; Parent "maker-chr2-augustus-gene-94.2-mRNA-1" 
Create one UTR for maker-chr3-augustus-gene-0.21-mrna-1
:chr3	AGAT	five_prime_UTR	30779	30779	.	+	.	ID "agat-five_prime_utr-50"  ; Parent "maker-chr3-augustus-gene-0.21-mRNA-1" 
Create one UTR for maker-chr3-augustus-gene-121.19-mrna-1
:chr3	AGAT	five_prime_UTR	12091581	12091582	.	+	.	ID "agat-five_prime_utr-51"  ; Parent "maker-chr3-augustus-gene-121.19-mRNA-1" 
Create one UTR for maker-chr3-augustus-gene-125.21-mrna-1
:chr3	AGAT	five_prime_UTR	12527086	12527086	.	+	.	ID "agat-five_prime_utr-52"  ; Parent "maker-chr3-augustus-gene-125.21-mRNA-1" 
Create one UTR for maker-chr3-augustus-gene-137.9-mrna-1.1.649e55b9
:chr3	AGAT	five_prime_UTR	13768448	13768448	.	-	.	ID "agat-five_prime_utr-53"  ; Parent "maker-chr3-augustus-gene-137.9-mRNA-1.1.649e55b9" 
Create one UTR for maker-chr3-augustus-gene-149.27-mrna-1
:chr3	AGAT	five_prime_UTR	14967722	14967722	.	-	.	ID "agat-five_prime_utr-54"  ; Parent "maker-chr3-augustus-gene-149.27-mRNA-1" 
Create one UTR for maker-chr3-augustus-gene-236.17-mrna-1
:chr3	AGAT	five_prime_UTR	23617929	23617929	.	+	.	ID "agat-five_prime_utr-55"  ; Parent "maker-chr3-augustus-gene-236.17-mRNA-1" 
Create one UTR for maker-chr3-augustus-gene-288.10-mrna-1
:chr3	AGAT	five_prime_UTR	28838994	28838994	.	+	.	ID "agat-five_prime_utr-56"  ; Parent "maker-chr3-augustus-gene-288.10-mRNA-1" 
Create one UTR for maker-chr3-augustus-gene-31.23-mrna-1
:chr3	AGAT	five_prime_UTR	3143753	3143753	.	+	.	ID "agat-five_prime_utr-57"  ; Parent "maker-chr3-augustus-gene-31.23-mRNA-1" 
Create one UTR for maker-chr3-augustus-gene-44.6-mrna-1
:chr3	AGAT	five_prime_UTR	4458476	4458477	.	+	.	ID "agat-five_prime_utr-58"  ; Parent "maker-chr3-augustus-gene-44.6-mRNA-1" 
Create one UTR for maker-chr3-augustus-gene-49.29-mrna-1
:chr3	AGAT	five_prime_UTR	4894168	4894169	.	-	.	ID "agat-five_prime_utr-59"  ; Parent "maker-chr3-augustus-gene-49.29-mRNA-1" 
Create one UTR for maker-chr4-augustus-gene-12.24-mrna-1.2.649e55ae
:chr4	AGAT	five_prime_UTR	1222289	1222289	.	-	.	ID "agat-five_prime_utr-60"  ; Parent "maker-chr4-augustus-gene-12.24-mRNA-1.2.649e55ae" 
Create one UTR for maker-chr4-augustus-gene-162.18-mrna-1
:chr4	AGAT	five_prime_UTR	16200792	16200792	.	+	.	ID "agat-five_prime_utr-61"  ; Parent "maker-chr4-augustus-gene-162.18-mRNA-1" 
Create one UTR for maker-chr4-augustus-gene-180.27-mrna-1
:chr4	AGAT	five_prime_UTR	18080525	18080525	.	-	.	ID "agat-five_prime_utr-62"  ; Parent "maker-chr4-augustus-gene-180.27-mRNA-1" 
Create one UTR for maker-chr4-augustus-gene-2.6-mrna-1
:chr4	AGAT	five_prime_UTR	239295	239295	.	+	.	ID "agat-five_prime_utr-63"  ; Parent "maker-chr4-augustus-gene-2.6-mRNA-1" 
Create one UTR for maker-chr4-augustus-gene-213.23-mrna-1
:chr4	AGAT	five_prime_UTR	21346698	21346699	.	+	.	ID "agat-five_prime_utr-64"  ; Parent "maker-chr4-augustus-gene-213.23-mRNA-1" 
Create one UTR for maker-chr4-augustus-gene-24.2-mrna-1.1.649e55ae
:chr4	AGAT	five_prime_UTR	2421025	2421026	.	+	.	ID "agat-five_prime_utr-65"  ; Parent "maker-chr4-augustus-gene-24.2-mRNA-1.1.649e55ae" 
Create one UTR for maker-chr4-augustus-gene-253.4-mrna-1
:chr4	AGAT	five_prime_UTR	25346133	25346133	.	+	.	ID "agat-five_prime_utr-66"  ; Parent "maker-chr4-augustus-gene-253.4-mRNA-1" 
Create one UTR for maker-chr4-augustus-gene-258.26-mrna-1
:chr4	AGAT	five_prime_UTR	25804600	25804601	.	+	.	ID "agat-five_prime_utr-67"  ; Parent "maker-chr4-augustus-gene-258.26-mRNA-1" 
Create one UTR for maker-chr4-augustus-gene-268.24-mrna-1
:chr4	AGAT	five_prime_UTR	26841596	26841596	.	+	.	ID "agat-five_prime_utr-68"  ; Parent "maker-chr4-augustus-gene-268.24-mRNA-1" 
Create one UTR for maker-chr4-augustus-gene-4.22-mrna-1
:chr4	AGAT	five_prime_UTR	450524	450524	.	+	.	ID "agat-five_prime_utr-69"  ; Parent "maker-chr4-augustus-gene-4.22-mRNA-1" 
Create one UTR for maker-chr4-augustus-gene-90.1-mrna-1
:chr4	AGAT	five_prime_UTR	9033016	9033017	.	+	.	ID "agat-five_prime_utr-70"  ; Parent "maker-chr4-augustus-gene-90.1-mRNA-1" 
Create one UTR for maker-chr5-augustus-gene-10.6-mrna-1
:chr5	AGAT	five_prime_UTR	1039754	1039755	.	+	.	ID "agat-five_prime_utr-71"  ; Parent "maker-chr5-augustus-gene-10.6-mRNA-1" 
Create one UTR for maker-chr5-augustus-gene-153.6-mrna-1
:chr5	AGAT	five_prime_UTR	15345401	15345402	.	-	.	ID "agat-five_prime_utr-72"  ; Parent "maker-chr5-augustus-gene-153.6-mRNA-1" 
Create one UTR for maker-chr5-augustus-gene-16.0-mrna-1
:chr5	AGAT	five_prime_UTR	1595048	1595048	.	+	.	ID "agat-five_prime_utr-73"  ; Parent "maker-chr5-augustus-gene-16.0-mRNA-1" 
Create one UTR for maker-chr5-augustus-gene-20.0-mrna-1
:chr5	AGAT	five_prime_UTR	2034104	2034104	.	+	.	ID "agat-five_prime_utr-74"  ; Parent "maker-chr5-augustus-gene-20.0-mRNA-1" 
Create one UTR for maker-chr5-augustus-gene-32.3-mrna-1
:chr5	AGAT	five_prime_UTR	3274564	3274564	.	+	.	ID "agat-five_prime_utr-75"  ; Parent "maker-chr5-augustus-gene-32.3-mRNA-1" 
Create one UTR for maker-chr5-augustus-gene-33.21-mrna-1
:chr5	AGAT	five_prime_UTR	3374935	3374935	.	+	.	ID "agat-five_prime_utr-76"  ; Parent "maker-chr5-augustus-gene-33.21-mRNA-1" 
Create one UTR for maker-chr6-augustus-gene-1.3-mrna-1
:chr6	AGAT	five_prime_UTR	164511	164511	.	+	.	ID "agat-five_prime_utr-77"  ; Parent "maker-chr6-augustus-gene-1.3-mRNA-1" 
Create one UTR for maker-chr6-augustus-gene-1.3-mrna-1.1.649e55ae
:chr6	AGAT	five_prime_UTR	164511	164511	.	+	.	ID "agat-five_prime_utr-78"  ; Parent "maker-chr6-augustus-gene-1.3-mRNA-1.1.649e55ae" 
Create one UTR for maker-chr6-augustus-gene-15.18-mrna-1
:chr6	AGAT	five_prime_UTR	1499722	1499723	.	+	.	ID "agat-five_prime_utr-79"  ; Parent "maker-chr6-augustus-gene-15.18-mRNA-1" 
Create one UTR for maker-chr6-augustus-gene-175.14-mrna-1
:chr6	AGAT	five_prime_UTR	17514371	17514371	.	+	.	ID "agat-five_prime_utr-80"  ; Parent "maker-chr6-augustus-gene-175.14-mRNA-1" 
Create one UTR for maker-chr6-augustus-gene-225.21-mrna-1
:chr6	AGAT	five_prime_UTR	22515642	22515643	.	+	.	ID "agat-five_prime_utr-81"  ; Parent "maker-chr6-augustus-gene-225.21-mRNA-1" 
Create one UTR for maker-chr6-augustus-gene-225.21-mrna-1.1.649e55bb
:chr6	AGAT	five_prime_UTR	22515642	22515643	.	+	.	ID "agat-five_prime_utr-82"  ; Parent "maker-chr6-augustus-gene-225.21-mRNA-1.1.649e55bb" 
Create one UTR for maker-chr6-augustus-gene-225.21-mrna-1.2.649e55bb
:chr6	AGAT	five_prime_UTR	22515642	22515643	.	+	.	ID "agat-five_prime_utr-83"  ; Parent "maker-chr6-augustus-gene-225.21-mRNA-1.2.649e55bb" 
Create one UTR for maker-chr6-augustus-gene-259.21-mrna-1
:chr6	AGAT	five_prime_UTR	25969848	25969848	.	+	.	ID "agat-five_prime_utr-84"  ; Parent "maker-chr6-augustus-gene-259.21-mRNA-1" 
Create one UTR for maker-chr6-augustus-gene-41.25-mrna-1
:chr6	AGAT	three_prime_UTR	4156172	4156173	.	+	.	ID "agat-three_prime_utr-13"  ; Parent "maker-chr6-augustus-gene-41.25-mRNA-1" 
Create one UTR for maker-chr6-augustus-gene-50.25-mrna-1
:chr6	AGAT	five_prime_UTR	5021746	5021746	.	+	.	ID "agat-five_prime_utr-85"  ; Parent "maker-chr6-augustus-gene-50.25-mRNA-1" 
Create one UTR for maker-chr6-augustus-gene-50.25-mrna-1.1.649e55b3
:chr6	AGAT	five_prime_UTR	5021746	5021746	.	+	.	ID "agat-five_prime_utr-86"  ; Parent "maker-chr6-augustus-gene-50.25-mRNA-1.1.649e55b3" 
Create one UTR for maker-chr6-augustus-gene-50.25-mrna-1.2.649e55b3
:chr6	AGAT	five_prime_UTR	5021746	5021746	.	+	.	ID "agat-five_prime_utr-87"  ; Parent "maker-chr6-augustus-gene-50.25-mRNA-1.2.649e55b3" 
Create one UTR for maker-chr6-augustus-gene-6.3-mrna-1
:chr6	AGAT	five_prime_UTR	643546	643546	.	+	.	ID "agat-five_prime_utr-88"  ; Parent "maker-chr6-augustus-gene-6.3-mRNA-1" 
Create one UTR for maker-chr6-augustus-gene-6.3-mrna-1.1.649e55ae
:chr6	AGAT	five_prime_UTR	643516	643516	.	+	.	ID "agat-five_prime_utr-89"  ; Parent "maker-chr6-augustus-gene-6.3-mRNA-1.1.649e55ae" 
Create one UTR for maker-chr6-augustus-gene-6.3-mrna-1.12.649e55ae
:chr6	AGAT	five_prime_UTR	643481	643481	.	+	.	ID "agat-five_prime_utr-90"  ; Parent "maker-chr6-augustus-gene-6.3-mRNA-1.12.649e55ae" 
Create one UTR for maker-chr6-augustus-gene-6.3-mrna-1.13.649e55ae
:chr6	AGAT	five_prime_UTR	643546	643547	.	+	.	ID "agat-five_prime_utr-91"  ; Parent "maker-chr6-augustus-gene-6.3-mRNA-1.13.649e55ae" 
Create one UTR for maker-chr6-augustus-gene-6.3-mrna-1.2.649e55ae
:chr6	AGAT	five_prime_UTR	643546	643546	.	+	.	ID "agat-five_prime_utr-92"  ; Parent "maker-chr6-augustus-gene-6.3-mRNA-1.2.649e55ae" 
Create one UTR for maker-chr6-augustus-gene-6.3-mrna-1.3.649e55ae
:chr6	AGAT	five_prime_UTR	643546	643546	.	+	.	ID "agat-five_prime_utr-93"  ; Parent "maker-chr6-augustus-gene-6.3-mRNA-1.3.649e55ae" 
Create one UTR for maker-chr6-augustus-gene-6.3-mrna-1.4.649e55ae
:chr6	AGAT	five_prime_UTR	643525	643526	.	+	.	ID "agat-five_prime_utr-94"  ; Parent "maker-chr6-augustus-gene-6.3-mRNA-1.4.649e55ae" 
Create one UTR for maker-chr6-augustus-gene-6.3-mrna-1.5.649e55ae
:chr6	AGAT	five_prime_UTR	643516	643516	.	+	.	ID "agat-five_prime_utr-95"  ; Parent "maker-chr6-augustus-gene-6.3-mRNA-1.5.649e55ae" 
Create one UTR for maker-chr6-augustus-gene-6.3-mrna-1.6.649e55ae
:chr6	AGAT	five_prime_UTR	643481	643481	.	+	.	ID "agat-five_prime_utr-96"  ; Parent "maker-chr6-augustus-gene-6.3-mRNA-1.6.649e55ae" 
Create one UTR for maker-chr6-augustus-gene-6.3-mrna-1.7.649e55ae
:chr6	AGAT	five_prime_UTR	643546	643546	.	+	.	ID "agat-five_prime_utr-97"  ; Parent "maker-chr6-augustus-gene-6.3-mRNA-1.7.649e55ae" 
Create one UTR for maker-chr6-augustus-gene-6.3-mrna-1.8.649e55ae
:chr6	AGAT	five_prime_UTR	643546	643547	.	+	.	ID "agat-five_prime_utr-98"  ; Parent "maker-chr6-augustus-gene-6.3-mRNA-1.8.649e55ae" 
Create one UTR for maker-chr6-augustus-gene-6.3-mrna-1.9.649e55ae
:chr6	AGAT	five_prime_UTR	643525	643526	.	+	.	ID "agat-five_prime_utr-99"  ; Parent "maker-chr6-augustus-gene-6.3-mRNA-1.9.649e55ae" 
Create one UTR for maker-chr7-augustus-gene-140.24-mrna-1
:chr7	AGAT	five_prime_UTR	14010874	14010874	.	-	.	ID "agat-five_prime_utr-100"  ; Parent "maker-chr7-augustus-gene-140.24-mRNA-1" 
Create one UTR for maker-chr7-augustus-gene-143.3-mrna-1
:chr7	AGAT	five_prime_UTR	14328541	14328541	.	+	.	ID "agat-five_prime_utr-101"  ; Parent "maker-chr7-augustus-gene-143.3-mRNA-1" 
Create one UTR for maker-chr7-augustus-gene-186.13-mrna-1
:chr7	AGAT	five_prime_UTR	18596395	18596395	.	+	.	ID "agat-five_prime_utr-102"  ; Parent "maker-chr7-augustus-gene-186.13-mRNA-1" 
Create one UTR for maker-chr7-augustus-gene-241.6-mrna-1.2.649e55bc
:chr7	AGAT	three_prime_UTR	24150535	24150536	.	-	.	ID "agat-three_prime_utr-14"  ; Parent "maker-chr7-augustus-gene-241.6-mRNA-1.2.649e55bc" 
Create one UTR for maker-chr7-augustus-gene-263.14-mrna-1
:chr7	AGAT	five_prime_UTR	26319727	26319727	.	-	.	ID "agat-five_prime_utr-103"  ; Parent "maker-chr7-augustus-gene-263.14-mRNA-1" 
Create one UTR for maker-chr7-augustus-gene-38.4-mrna-1
:chr7	AGAT	three_prime_UTR	3848760	3848760	.	-	.	ID "agat-three_prime_utr-15"  ; Parent "maker-chr7-augustus-gene-38.4-mRNA-1" 
Create one UTR for maker-chr7-augustus-gene-46.12-mrna-1.2.649e55b2
:chr7	AGAT	five_prime_UTR	4671144	4671145	.	-	.	ID "agat-five_prime_utr-104"  ; Parent "maker-chr7-augustus-gene-46.12-mRNA-1.2.649e55b2" 
Create one UTR for maker-chr7-augustus-gene-83.10-mrna-1
:chr7	AGAT	three_prime_UTR	8349037	8349038	.	+	.	ID "agat-three_prime_utr-16"  ; Parent "maker-chr7-augustus-gene-83.10-mRNA-1" 
Create one UTR for maker-chr8-augustus-gene-15.11-mrna-1.2.649e55ad
:chr8	AGAT	five_prime_UTR	1513823	1513824	.	-	.	ID "agat-five_prime_utr-105"  ; Parent "maker-chr8-augustus-gene-15.11-mRNA-1.2.649e55ad" 
Create one UTR for maker-chr8-augustus-gene-161.20-mrna-1
:chr8	AGAT	five_prime_UTR	16159974	16159975	.	+	.	ID "agat-five_prime_utr-106"  ; Parent "maker-chr8-augustus-gene-161.20-mRNA-1" 
Create one UTR for maker-chr8-augustus-gene-171.0-mrna-1
:chr8	AGAT	five_prime_UTR	17102155	17102155	.	+	.	ID "agat-five_prime_utr-107"  ; Parent "maker-chr8-augustus-gene-171.0-mRNA-1" 
Create one UTR for maker-chr8-augustus-gene-171.0-mrna-1.1.649e55b3
:chr8	AGAT	five_prime_UTR	17102155	17102155	.	+	.	ID "agat-five_prime_utr-108"  ; Parent "maker-chr8-augustus-gene-171.0-mRNA-1.1.649e55b3" 
Create one UTR for maker-chr8-augustus-gene-187.4-mrna-1
:chr8	AGAT	five_prime_UTR	18756642	18756642	.	+	.	ID "agat-five_prime_utr-109"  ; Parent "maker-chr8-augustus-gene-187.4-mRNA-1" 
Create one UTR for maker-chr8-augustus-gene-259.8-mrna-1
:chr8	AGAT	five_prime_UTR	25956181	25956181	.	+	.	ID "agat-five_prime_utr-110"  ; Parent "maker-chr8-augustus-gene-259.8-mRNA-1" 
Create one UTR for maker-chr8-augustus-gene-264.57-mrna-1
:chr8	AGAT	five_prime_UTR	26500139	26500139	.	+	.	ID "agat-five_prime_utr-111"  ; Parent "maker-chr8-augustus-gene-264.57-mRNA-1" 
Create one UTR for maker-chr8-augustus-gene-28.2-mrna-1
:chr8	AGAT	three_prime_UTR	2797781	2797782	.	-	.	ID "agat-three_prime_utr-17"  ; Parent "maker-chr8-augustus-gene-28.2-mRNA-1" 
Create one UTR for maker-mt_contig_1-augustus-gene-0.48-mrna-1
:mt_contig_1	AGAT	five_prime_UTR	63954	63955	.	+	.	ID "agat-five_prime_utr-112"  ; Parent "maker-mt_contig_1-augustus-gene-0.48-mRNA-1" 
Create one UTR for maker-ptg000145l-augustus-gene-0.3-mrna-1
:ptg000145l	AGAT	five_prime_UTR	27205	27206	.	+	.	ID "agat-five_prime_utr-113"  ; Parent "maker-ptg000145l-augustus-gene-0.3-mRNA-1" 
Create one UTR for maker-ptg000420l-augustus-gene-0.40-mrna-1
:ptg000420l	AGAT	five_prime_UTR	25092	25093	.	+	.	ID "agat-five_prime_utr-114"  ; Parent "maker-ptg000420l-augustus-gene-0.40-mRNA-1" 
131 UTRs created that were missing
No UTRs locations modified
No supernumerary UTRs removed
------------------------------ done in 7 seconds -------------------------------

------------------------ Check11: all level2 locations -------------------------
No problem found
------------------------------ done in 9 seconds -------------------------------

------------------------ Check12: all level1 locations -------------------------
No problem found
------------------------------ done in 2 seconds -------------------------------

---------------------- Check13: remove identical isoforms ----------------------
None found
------------------------------ done in 2 seconds -------------------------------
                  ------ End checks (done in 46 second) ------                  


