                            03/12/2025 at 10h05m44s                             


 ------------------------------------------------------------------------------
|   Another GFF Analysis Toolkit (AGAT) - Version: v1.4.0                      |
|   https://github.com/NBISweden/AGAT                                          |
|   National Bioinformatics Infrastructure Sweden (NBIS) - www.nbis.se         |
 ------------------------------------------------------------------------------
                                        
                                       
                          ------ Start parsing ------                           
-------------------------- parse options and metadata --------------------------
=> Accessing the feature_levels YAML file
Using standard /Users/kenji/Desktop/re-analyse_stefan_synteny/snake-GENESPACE/.snakemake/conda/ecd4f25c46a73198553800960aadbeb9_/lib/perl5/site_perl/auto/share/dist/AGAT/feature_levels.yaml file
=> Attribute used to group features when no Parent/ID relationship exists (i.e common tag):
	* locus_tag
	* gene_id
=> merge_loci option deactivated
=> Machine information:
	This script is being run by perl v5.32.1
	Bioperl location being used: /Users/kenji/Desktop/re-analyse_stefan_synteny/snake-GENESPACE/.snakemake/conda/ecd4f25c46a73198553800960aadbeb9_/lib/perl5/site_perl/Bio/
	Operating system being used: darwin 
=> Accessing Ontology
	No ontology accessible from the gff file header!
	We use the SOFA ontology distributed with AGAT:
		/Users/kenji/Desktop/re-analyse_stefan_synteny/snake-GENESPACE/.snakemake/conda/ecd4f25c46a73198553800960aadbeb9_/lib/perl5/site_perl/auto/share/dist/AGAT/so.obo
	Read ontology /Users/kenji/Desktop/re-analyse_stefan_synteny/snake-GENESPACE/.snakemake/conda/ecd4f25c46a73198553800960aadbeb9_/lib/perl5/site_perl/auto/share/dist/AGAT/so.obo:
		4 root terms, and 2596 total terms, and 1516 leaf terms
	Filtering ontology:
The feature type (3rd column) is constrained to be either a term from the Sequence Ontology or an SO accession number. The latter alternative is distinguished using the syntax SO:000000. In either case, it must be sequence_feature (SO:0000110) or an is_a child of it.
We filter the ontology to apply this rule.		We found 1861 terms that are sequence_feature or is_a child of it.
--------------------------------- parsing file ---------------------------------
=> Number of line in file: 647965
=> Number of comment lines: 0
=> Fasta included: No
=> Number of features lines: 647965
=> Number of feature type (3rd column): 6
	* Level1: 1 => gene
	* level2: 1 => mRNA
	* level3: 4 => CDS five_prime_UTR exon three_prime_UTR
	* unknown: 0 => 
=> Version of the Bioperl GFF parser selected by AGAT: 3

                  ------ End parsing (done in 62 second) ------                 


                           ------ Start checks ------                           
---------------------------- Check1: feature types -----------------------------
----------------------------------- ontology -----------------------------------
All feature types in agreement with the Ontology.
------------------------------------- agat -------------------------------------
AGAT can deal with all the encountered feature types (3rd column)
------------------------------ done in 0 seconds -------------------------------

------------------------------ Check2: duplicates ------------------------------
None found
------------------------------ done in 0 seconds -------------------------------

-------------------------- Check3: sequential bucket ---------------------------
Nothing to check as sequential bucket!
------------------------------ done in 0 seconds -------------------------------

--------------------------- Check4: l2 linked to l3 ----------------------------
No problem found
------------------------------ done in 1 seconds -------------------------------

--------------------------- Check5: l1 linked to l2 ----------------------------
No problem found
------------------------------ done in 0 seconds -------------------------------

--------------------------- Check6: remove orphan l1 ---------------------------
We remove only those not supposed to be orphan
None found
------------------------------ done in 0 seconds -------------------------------

------------------------- Check7: all level3 locations -------------------------
------------------------------ done in 13 seconds ------------------------------

------------------------------ Check8: check cds -------------------------------
No problem found
------------------------------ done in 0 seconds -------------------------------

----------------------------- Check9: check exons ------------------------------
No exons created
No exons locations modified
No supernumerary exons removed
No level2 locations modified
------------------------------ done in 8 seconds -------------------------------

----------------------------- Check10: check utrs ------------------------------
Create one UTR for almed_t000010-r1
:chr1	AGAT	five_prime_UTR	34160	34161	.	+	.	ID "agat-five_prime_utr-1"  ; Parent "AlMed_T000010-R1" 
Create one UTR for almed_t001001-r1
:chr1	AGAT	three_prime_UTR	4037792	4037793	.	+	.	ID "agat-three_prime_utr-1"  ; Parent "AlMed_T001001-R1" 
Create one UTR for almed_t001471-r1.1.64a89228
:chr1	AGAT	three_prime_UTR	6011642	6011643	.	+	.	ID "agat-three_prime_utr-2"  ; Parent "AlMed_T001471-R1.1.64a89228" 
Create one UTR for almed_t001524-r1
:chr1	AGAT	five_prime_UTR	6227539	6227539	.	+	.	ID "agat-five_prime_utr-2"  ; Parent "AlMed_T001524-R1" 
Create one UTR for almed_t001658-r1
:chr1	AGAT	five_prime_UTR	6783073	6783074	.	-	.	ID "agat-five_prime_utr-3"  ; Parent "AlMed_T001658-R1" 
Create one UTR for almed_t001685-r1.1.64a89228
:chr1	AGAT	three_prime_UTR	6885083	6885083	.	+	.	ID "agat-three_prime_utr-3"  ; Parent "AlMed_T001685-R1.1.64a89228" 
Create one UTR for almed_t002074-r1
:chr1	AGAT	five_prime_UTR	8531846	8531846	.	+	.	ID "agat-five_prime_utr-4"  ; Parent "AlMed_T002074-R1" 
Create one UTR for almed_t002244-r1
:chr1	AGAT	three_prime_UTR	9296368	9296369	.	+	.	ID "agat-three_prime_utr-4"  ; Parent "AlMed_T002244-R1" 
Create one UTR for almed_t002364-r1
:chr1	AGAT	five_prime_UTR	9997489	9997489	.	+	.	ID "agat-five_prime_utr-5"  ; Parent "AlMed_T002364-R1" 
Create one UTR for almed_t002364-r1.1.64a8922c
:chr1	AGAT	five_prime_UTR	9997489	9997489	.	+	.	ID "agat-five_prime_utr-6"  ; Parent "AlMed_T002364-R1.1.64a8922c" 
Create one UTR for almed_t002364-r1.2.64a8922c
:chr1	AGAT	five_prime_UTR	9997489	9997489	.	+	.	ID "agat-five_prime_utr-7"  ; Parent "AlMed_T002364-R1.2.64a8922c" 
Create one UTR for almed_t002364-r1.3.64a8922c
:chr1	AGAT	five_prime_UTR	9997489	9997489	.	+	.	ID "agat-five_prime_utr-8"  ; Parent "AlMed_T002364-R1.3.64a8922c" 
Create one UTR for almed_t002364-r1.4.64a8922c
:chr1	AGAT	five_prime_UTR	9997489	9997489	.	+	.	ID "agat-five_prime_utr-9"  ; Parent "AlMed_T002364-R1.4.64a8922c" 
Create one UTR for almed_t002364-r1.5.64a8922c
:chr1	AGAT	five_prime_UTR	9997489	9997489	.	+	.	ID "agat-five_prime_utr-10"  ; Parent "AlMed_T002364-R1.5.64a8922c" 
Create one UTR for almed_t002364-r1.6.64a8922c
:chr1	AGAT	five_prime_UTR	9997489	9997489	.	+	.	ID "agat-five_prime_utr-11"  ; Parent "AlMed_T002364-R1.6.64a8922c" 
Create one UTR for almed_t002364-r1.7.64a8922c
:chr1	AGAT	five_prime_UTR	9997489	9997489	.	+	.	ID "agat-five_prime_utr-12"  ; Parent "AlMed_T002364-R1.7.64a8922c" 
Create one UTR for almed_t002364-r1.8.64a8922c
:chr1	AGAT	five_prime_UTR	9997489	9997489	.	+	.	ID "agat-five_prime_utr-13"  ; Parent "AlMed_T002364-R1.8.64a8922c" 
Create one UTR for almed_t002364-r1.9.64a8922c
:chr1	AGAT	five_prime_UTR	9997489	9997489	.	+	.	ID "agat-five_prime_utr-14"  ; Parent "AlMed_T002364-R1.9.64a8922c" 
Create one UTR for almed_t002604-r1
:chr1	AGAT	five_prime_UTR	11281610	11281611	.	+	.	ID "agat-five_prime_utr-15"  ; Parent "AlMed_T002604-R1" 
Create one UTR for almed_t002693-r1
:chr1	AGAT	five_prime_UTR	11829173	11829174	.	-	.	ID "agat-five_prime_utr-16"  ; Parent "AlMed_T002693-R1" 
Create one UTR for almed_t003332-r1
:chr1	AGAT	five_prime_UTR	16167190	16167190	.	+	.	ID "agat-five_prime_utr-17"  ; Parent "AlMed_T003332-R1" 
Create one UTR for almed_t003523-r1
:chr1	AGAT	five_prime_UTR	18342056	18342057	.	+	.	ID "agat-five_prime_utr-18"  ; Parent "AlMed_T003523-R1" 
Create one UTR for almed_t003761-r1
:chr1	AGAT	five_prime_UTR	23413210	23413210	.	-	.	ID "agat-five_prime_utr-19"  ; Parent "AlMed_T003761-R1" 
Create one UTR for almed_t003980-r1
:chr1	AGAT	three_prime_UTR	25087708	25087709	.	-	.	ID "agat-three_prime_utr-5"  ; Parent "AlMed_T003980-R1" 
Create one UTR for almed_t004634-r1
:chr7	AGAT	three_prime_UTR	216733	216733	.	+	.	ID "agat-three_prime_utr-6"  ; Parent "AlMed_T004634-R1" 
Create one UTR for almed_t004779-r1.1.64a89221
:chr7	AGAT	three_prime_UTR	998889	998889	.	+	.	ID "agat-three_prime_utr-7"  ; Parent "AlMed_T004779-R1.1.64a89221" 
Create one UTR for almed_t004926-r1
:chr7	AGAT	five_prime_UTR	1578516	1578517	.	+	.	ID "agat-five_prime_utr-20"  ; Parent "AlMed_T004926-R1" 
Create one UTR for almed_t005042-r1
:chr7	AGAT	five_prime_UTR	2113983	2113983	.	+	.	ID "agat-five_prime_utr-21"  ; Parent "AlMed_T005042-R1" 
Create one UTR for almed_t005275-r1.3.64a89223
:chr7	AGAT	five_prime_UTR	3214000	3214001	.	+	.	ID "agat-five_prime_utr-22"  ; Parent "AlMed_T005275-R1.3.64a89223" 
Create one UTR for almed_t005317-r1
:chr7	AGAT	three_prime_UTR	3421881	3421881	.	-	.	ID "agat-three_prime_utr-8"  ; Parent "AlMed_T005317-R1" 
Create one UTR for almed_t006086-r1
:chr7	AGAT	five_prime_UTR	6790265	6790265	.	+	.	ID "agat-five_prime_utr-23"  ; Parent "AlMed_T006086-R1" 
Create one UTR for almed_t006932-r1
:chr7	AGAT	five_prime_UTR	10544891	10544891	.	-	.	ID "agat-five_prime_utr-24"  ; Parent "AlMed_T006932-R1" 
Create one UTR for almed_t006982-r1
:chr7	AGAT	three_prime_UTR	10774161	10774162	.	-	.	ID "agat-three_prime_utr-9"  ; Parent "AlMed_T006982-R1" 
Create one UTR for almed_t007049-r1
:chr7	AGAT	three_prime_UTR	11112396	11112397	.	-	.	ID "agat-three_prime_utr-10"  ; Parent "AlMed_T007049-R1" 
Create one UTR for almed_t007126-r1
:chr7	AGAT	five_prime_UTR	11509913	11509913	.	+	.	ID "agat-five_prime_utr-25"  ; Parent "AlMed_T007126-R1" 
Create one UTR for almed_t007635-r1
:chr7	AGAT	five_prime_UTR	14819042	14819042	.	+	.	ID "agat-five_prime_utr-26"  ; Parent "AlMed_T007635-R1" 
Create one UTR for almed_t007748-r1.2.64a8922e
:chr7	AGAT	five_prime_UTR	15833884	15833884	.	-	.	ID "agat-five_prime_utr-27"  ; Parent "AlMed_T007748-R1.2.64a8922e" 
Create one UTR for almed_t007909-r1
:chr7	AGAT	five_prime_UTR	17846301	17846301	.	+	.	ID "agat-five_prime_utr-28"  ; Parent "AlMed_T007909-R1" 
Create one UTR for almed_t008133-r1
:chr7	AGAT	five_prime_UTR	23708834	23708834	.	+	.	ID "agat-five_prime_utr-29"  ; Parent "AlMed_T008133-R1" 
Create one UTR for almed_t008386-r1
:chr7	AGAT	five_prime_UTR	25521021	25521021	.	+	.	ID "agat-five_prime_utr-30"  ; Parent "AlMed_T008386-R1" 
Create one UTR for almed_t008927-r1
:chr6	AGAT	five_prime_UTR	867244	867245	.	+	.	ID "agat-five_prime_utr-31"  ; Parent "AlMed_T008927-R1" 
Create one UTR for almed_t009511-r1
:chr6	AGAT	five_prime_UTR	3339467	3339468	.	+	.	ID "agat-five_prime_utr-32"  ; Parent "AlMed_T009511-R1" 
Create one UTR for almed_t010214-r1
:chr6	AGAT	five_prime_UTR	6362151	6362152	.	+	.	ID "agat-five_prime_utr-33"  ; Parent "AlMed_T010214-R1" 
Create one UTR for almed_t010214-r1.6.64a89226
:chr6	AGAT	five_prime_UTR	6362151	6362152	.	+	.	ID "agat-five_prime_utr-34"  ; Parent "AlMed_T010214-R1.6.64a89226" 
Create one UTR for almed_t011226-r1.1.64a8922c
:chr6	AGAT	three_prime_UTR	12007947	12007947	.	-	.	ID "agat-three_prime_utr-11"  ; Parent "AlMed_T011226-R1.1.64a8922c" 
Create one UTR for almed_t011812-r1
:chr6	AGAT	five_prime_UTR	22305208	22305209	.	-	.	ID "agat-five_prime_utr-35"  ; Parent "AlMed_T011812-R1" 
Create one UTR for almed_t011812-r1.1.64a8922e
:chr6	AGAT	five_prime_UTR	22305208	22305209	.	-	.	ID "agat-five_prime_utr-36"  ; Parent "AlMed_T011812-R1.1.64a8922e" 
Create one UTR for almed_t011870-r1
:chr6	AGAT	three_prime_UTR	22714559	22714559	.	-	.	ID "agat-three_prime_utr-12"  ; Parent "AlMed_T011870-R1" 
Create one UTR for almed_t012511-r1
:chr3	AGAT	three_prime_UTR	265158	265158	.	+	.	ID "agat-three_prime_utr-13"  ; Parent "AlMed_T012511-R1" 
Create one UTR for almed_t012660-r1
:chr3	AGAT	three_prime_UTR	796861	796862	.	-	.	ID "agat-three_prime_utr-14"  ; Parent "AlMed_T012660-R1" 
Create one UTR for almed_t012994-r1
:chr3	AGAT	five_prime_UTR	2099838	2099838	.	+	.	ID "agat-five_prime_utr-37"  ; Parent "AlMed_T012994-R1" 
Create one UTR for almed_t013346-r1
:chr3	AGAT	three_prime_UTR	3495679	3495680	.	+	.	ID "agat-three_prime_utr-15"  ; Parent "AlMed_T013346-R1" 
Create one UTR for almed_t014147-r1
:chr3	AGAT	five_prime_UTR	6737912	6737913	.	+	.	ID "agat-five_prime_utr-38"  ; Parent "AlMed_T014147-R1" 
Create one UTR for almed_t015854-r1
:chr3	AGAT	five_prime_UTR	24313764	24313764	.	+	.	ID "agat-five_prime_utr-39"  ; Parent "AlMed_T015854-R1" 
Create one UTR for almed_t015871-r1
:chr3	AGAT	five_prime_UTR	24450706	24450707	.	+	.	ID "agat-five_prime_utr-40"  ; Parent "AlMed_T015871-R1" 
Create one UTR for almed_t015871-r1.1.64a8922d
:chr3	AGAT	five_prime_UTR	24450706	24450707	.	+	.	ID "agat-five_prime_utr-41"  ; Parent "AlMed_T015871-R1.1.64a8922d" 
Create one UTR for almed_t015871-r1.2.64a8922d
:chr3	AGAT	five_prime_UTR	24450706	24450707	.	+	.	ID "agat-five_prime_utr-42"  ; Parent "AlMed_T015871-R1.2.64a8922d" 
Create one UTR for almed_t015911-r1
:chr3	AGAT	five_prime_UTR	24659082	24659083	.	+	.	ID "agat-five_prime_utr-43"  ; Parent "AlMed_T015911-R1" 
Create one UTR for almed_t015921-r1
:chr3	AGAT	five_prime_UTR	24783075	24783075	.	+	.	ID "agat-five_prime_utr-44"  ; Parent "AlMed_T015921-R1" 
Create one UTR for almed_t016412-r1
:chr4	AGAT	five_prime_UTR	1121396	1121397	.	-	.	ID "agat-five_prime_utr-45"  ; Parent "AlMed_T016412-R1" 
Create one UTR for almed_t016412-r1.1.64a89220
:chr4	AGAT	five_prime_UTR	1121396	1121397	.	-	.	ID "agat-five_prime_utr-46"  ; Parent "AlMed_T016412-R1.1.64a89220" 
Create one UTR for almed_t016469-r1
:chr4	AGAT	five_prime_UTR	1545077	1545077	.	+	.	ID "agat-five_prime_utr-47"  ; Parent "AlMed_T016469-R1" 
Create one UTR for almed_t016995-r1
:chr4	AGAT	five_prime_UTR	7645152	7645153	.	+	.	ID "agat-five_prime_utr-48"  ; Parent "AlMed_T016995-R1" 
Create one UTR for almed_t017140-r1
:chr4	AGAT	five_prime_UTR	12858766	12858766	.	+	.	ID "agat-five_prime_utr-49"  ; Parent "AlMed_T017140-R1" 
Create one UTR for almed_t018170-r1
:chr4	AGAT	five_prime_UTR	19061287	19061288	.	+	.	ID "agat-five_prime_utr-50"  ; Parent "AlMed_T018170-R1" 
Create one UTR for almed_t018476-r1
:chr4	AGAT	five_prime_UTR	20630872	20630873	.	+	.	ID "agat-five_prime_utr-51"  ; Parent "AlMed_T018476-R1" 
Create one UTR for almed_t019210-r1
:chr4	AGAT	five_prime_UTR	23978990	23978991	.	-	.	ID "agat-five_prime_utr-52"  ; Parent "AlMed_T019210-R1" 
Create one UTR for almed_t019547-r1.1.64a89220
:chr5	AGAT	three_prime_UTR	907208	907208	.	+	.	ID "agat-three_prime_utr-16"  ; Parent "AlMed_T019547-R1.1.64a89220" 
Create one UTR for almed_t019586-r1
:chr5	AGAT	three_prime_UTR	1049100	1049101	.	+	.	ID "agat-three_prime_utr-17"  ; Parent "AlMed_T019586-R1" 
Create one UTR for almed_t019607-r1
:chr5	AGAT	five_prime_UTR	1176383	1176384	.	+	.	ID "agat-five_prime_utr-53"  ; Parent "AlMed_T019607-R1" 
Create one UTR for almed_t019636-r1
:chr5	AGAT	five_prime_UTR	1343603	1343603	.	+	.	ID "agat-five_prime_utr-54"  ; Parent "AlMed_T019636-R1" 
Create one UTR for almed_t020731-r1
:chr5	AGAT	five_prime_UTR	15510679	15510680	.	+	.	ID "agat-five_prime_utr-55"  ; Parent "AlMed_T020731-R1" 
Create one UTR for almed_t020979-r1
:chr5	AGAT	five_prime_UTR	16858518	16858518	.	+	.	ID "agat-five_prime_utr-56"  ; Parent "AlMed_T020979-R1" 
Create one UTR for almed_t021189-r1.6.64a89226
:chr5	AGAT	five_prime_UTR	17897447	17897447	.	+	.	ID "agat-five_prime_utr-57"  ; Parent "AlMed_T021189-R1.6.64a89226" 
Create one UTR for almed_t021189-r1.7.64a89226
:chr5	AGAT	five_prime_UTR	17897449	17897450	.	+	.	ID "agat-five_prime_utr-58"  ; Parent "AlMed_T021189-R1.7.64a89226" 
Create one UTR for almed_t021189-r1.9.64a89226
:chr5	AGAT	five_prime_UTR	17897390	17897390	.	+	.	ID "agat-five_prime_utr-59"  ; Parent "AlMed_T021189-R1.9.64a89226" 
Create one UTR for almed_t022239-r1
:chr5	AGAT	five_prime_UTR	22836146	22836146	.	+	.	ID "agat-five_prime_utr-60"  ; Parent "AlMed_T022239-R1" 
Create one UTR for almed_t022419-r1
:chr8	AGAT	five_prime_UTR	530480	530481	.	+	.	ID "agat-five_prime_utr-61"  ; Parent "AlMed_T022419-R1" 
Create one UTR for almed_t022419-r1.1.64a8921f
:chr8	AGAT	five_prime_UTR	530480	530481	.	+	.	ID "agat-five_prime_utr-62"  ; Parent "AlMed_T022419-R1.1.64a8921f" 
Create one UTR for almed_t022686-r1
:chr8	AGAT	five_prime_UTR	2304912	2304913	.	+	.	ID "agat-five_prime_utr-63"  ; Parent "AlMed_T022686-R1" 
Create one UTR for almed_t022785-r1
:chr8	AGAT	five_prime_UTR	3117331	3117332	.	+	.	ID "agat-five_prime_utr-64"  ; Parent "AlMed_T022785-R1" 
Create one UTR for almed_t022992-r1
:chr8	AGAT	five_prime_UTR	8683747	8683747	.	+	.	ID "agat-five_prime_utr-65"  ; Parent "AlMed_T022992-R1" 
Create one UTR for almed_t023069-r1
:chr8	AGAT	five_prime_UTR	9377662	9377663	.	+	.	ID "agat-five_prime_utr-66"  ; Parent "AlMed_T023069-R1" 
Create one UTR for almed_t024281-r1
:chr8	AGAT	three_prime_UTR	16539132	16539132	.	+	.	ID "agat-three_prime_utr-18"  ; Parent "AlMed_T024281-R1" 
Create one UTR for almed_t025091-r1
:chr8	AGAT	three_prime_UTR	20369212	20369213	.	-	.	ID "agat-three_prime_utr-19"  ; Parent "AlMed_T025091-R1" 
Create one UTR for almed_t025393-r1
:chr2	AGAT	five_prime_UTR	1478755	1478755	.	+	.	ID "agat-five_prime_utr-67"  ; Parent "AlMed_T025393-R1" 
Create one UTR for almed_t025495-r1
:chr2	AGAT	three_prime_UTR	2102436	2102436	.	-	.	ID "agat-three_prime_utr-20"  ; Parent "AlMed_T025495-R1" 
Create one UTR for almed_t026345-r1.1.64a89223
:chr2	AGAT	five_prime_UTR	12367621	12367622	.	+	.	ID "agat-five_prime_utr-68"  ; Parent "AlMed_T026345-R1.1.64a89223" 
Create one UTR for almed_t026625-r1
:chr2	AGAT	five_prime_UTR	14724790	14724790	.	-	.	ID "agat-five_prime_utr-69"  ; Parent "AlMed_T026625-R1" 
Create one UTR for almed_t027762-r1.2.64a8922c
:chr2	AGAT	five_prime_UTR	20568542	20568543	.	+	.	ID "agat-five_prime_utr-70"  ; Parent "AlMed_T027762-R1.2.64a8922c" 
Create one UTR for almed_t027905-r1
:mt	AGAT	five_prime_UTR	69	69	.	+	.	ID "agat-five_prime_utr-71"  ; Parent "AlMed_T027905-R1" 
Create one UTR for almed_t027953-r1
:mt	AGAT	five_prime_UTR	218959	218959	.	+	.	ID "agat-five_prime_utr-72"  ; Parent "AlMed_T027953-R1" 
Create one UTR for almed_t028250-r1
:Pptg000158l	AGAT	five_prime_UTR	788	788	.	+	.	ID "agat-five_prime_utr-73"  ; Parent "AlMed_T028250-R1" 
Create one UTR for almed_t028455-r1
:atg000055l	AGAT	five_prime_UTR	36984	36984	.	-	.	ID "agat-five_prime_utr-74"  ; Parent "AlMed_T028455-R1" 
Create one UTR for almed_t028507-r1
:ptg000437l	AGAT	five_prime_UTR	6601	6602	.	+	.	ID "agat-five_prime_utr-75"  ; Parent "AlMed_T028507-R1" 
Create one UTR for almed_t028529-r1
:ptg000201l	AGAT	five_prime_UTR	27607	27608	.	-	.	ID "agat-five_prime_utr-76"  ; Parent "AlMed_T028529-R1" 
Create one UTR for almed_t028540-r1
:ptg000384l	AGAT	five_prime_UTR	271	271	.	+	.	ID "agat-five_prime_utr-77"  ; Parent "AlMed_T028540-R1" 
Create one UTR for almed_t028643-r1
:ptg000394l	AGAT	five_prime_UTR	28944	28945	.	-	.	ID "agat-five_prime_utr-78"  ; Parent "AlMed_T028643-R1" 
Create one UTR for almed_t028675-r1
:ptg000157l	AGAT	five_prime_UTR	22940	22941	.	+	.	ID "agat-five_prime_utr-79"  ; Parent "AlMed_T028675-R1" 
Create one UTR for almed_t028860-r1
:ptg000452l	AGAT	five_prime_UTR	21182	21183	.	+	.	ID "agat-five_prime_utr-80"  ; Parent "AlMed_T028860-R1" 
Create one UTR for almed_t028874-r1
:ptg000425l	AGAT	five_prime_UTR	19045	19046	.	+	.	ID "agat-five_prime_utr-81"  ; Parent "AlMed_T028874-R1" 
Create one UTR for almed_t029080-r1
:atg000051l	AGAT	five_prime_UTR	19533	19533	.	+	.	ID "agat-five_prime_utr-82"  ; Parent "AlMed_T029080-R1" 
102 UTRs created that were missing
No UTRs locations modified
No supernumerary UTRs removed
------------------------------ done in 7 seconds -------------------------------

------------------------ Check11: all level2 locations -------------------------
No problem found
------------------------------ done in 8 seconds -------------------------------

------------------------ Check12: all level1 locations -------------------------
No problem found
------------------------------ done in 2 seconds -------------------------------

---------------------- Check13: remove identical isoforms ----------------------
None found
------------------------------ done in 3 seconds -------------------------------
                  ------ End checks (done in 42 second) ------                  


