INFO [2024-02-23 15:34:41] $x
INFO [2024-02-23 15:34:41] list(set1, set2)
INFO [2024-02-23 15:34:41] 
INFO [2024-02-23 15:34:41] $category.names
INFO [2024-02-23 15:34:41] c("DEG", "DMG")
INFO [2024-02-23 15:34:41] 
INFO [2024-02-23 15:34:41] $cat.cex
INFO [2024-02-23 15:34:41] [1] 0.7
INFO [2024-02-23 15:34:41] 
INFO [2024-02-23 15:34:41] $cat.pos
INFO [2024-02-23 15:34:41] [1] 1
INFO [2024-02-23 15:34:41] 
INFO [2024-02-23 15:34:41] $filename
INFO [2024-02-23 15:34:41] filename
INFO [2024-02-23 15:34:41] 
INFO [2024-02-23 15:34:41] $output
INFO [2024-02-23 15:34:41] [1] TRUE
INFO [2024-02-23 15:34:41] 
INFO [2024-02-23 15:34:41] $main
INFO [2024-02-23 15:34:41] title
INFO [2024-02-23 15:34:41] 
INFO [2024-02-23 15:34:41] $main.cex
INFO [2024-02-23 15:34:41] [1] 0.5
INFO [2024-02-23 15:34:41] 
INFO [2024-02-23 15:34:41] $print.mode
INFO [2024-02-23 15:34:41] c("raw", "percent")
INFO [2024-02-23 15:34:41] 
INFO [2024-02-23 15:34:41] $imagetype
INFO [2024-02-23 15:34:41] [1] "png"
INFO [2024-02-23 15:34:41] 
INFO [2024-02-23 15:34:41] $height
INFO [2024-02-23 15:34:41] [1] 480
INFO [2024-02-23 15:34:41] 
INFO [2024-02-23 15:34:41] $width
INFO [2024-02-23 15:34:41] [1] 480
INFO [2024-02-23 15:34:41] 
INFO [2024-02-23 15:34:41] $resolution
INFO [2024-02-23 15:34:41] [1] 400
INFO [2024-02-23 15:34:41] 
INFO [2024-02-23 15:34:41] $compression
INFO [2024-02-23 15:34:41] [1] "lzw"
INFO [2024-02-23 15:34:41] 
INFO [2024-02-23 15:34:41] $lwd
INFO [2024-02-23 15:34:41] [1] 2
INFO [2024-02-23 15:34:41] 
INFO [2024-02-23 15:34:41] $lty
INFO [2024-02-23 15:34:41] [1] "blank"
INFO [2024-02-23 15:34:41] 
INFO [2024-02-23 15:34:41] $fill
INFO [2024-02-23 15:34:41] myCol[1:2]
INFO [2024-02-23 15:34:41] 
INFO [2024-02-23 15:34:41] $cex
INFO [2024-02-23 15:34:41] [1] 0.5
INFO [2024-02-23 15:34:41] 
INFO [2024-02-23 15:34:41] $fontface
INFO [2024-02-23 15:34:41] [1] "bold"
INFO [2024-02-23 15:34:41] 
